2023-04-28 11:53:01.990  INFO 5340 --- [main] bank.project.app.AppApplication          : Starting AppApplication using Java 1.8.0_292 on WPG02V1LW with PID 5340 (C:\Bank Usecase Project\BANK-APP\target\classes started by xxnlnnoa in C:\Bank Usecase Project\BANK-APP)
2023-04-28 11:53:01.990  INFO 5340 --- [main] bank.project.app.AppApplication          : No active profile set, falling back to 1 default profile: "default"
2023-04-28 11:53:02.681  INFO 5340 --- [main] .s.d.r.c.RepositoryConfigurationDelegate : Bootstrapping Spring Data JDBC repositories in DEFAULT mode.
2023-04-28 11:53:02.697  INFO 5340 --- [main] .s.d.r.c.RepositoryConfigurationDelegate : Finished Spring Data repository scanning in 6 ms. Found 0 JDBC repository interfaces.
2023-04-28 11:53:02.854  INFO 5340 --- [main] trationDelegate$BeanPostProcessorChecker : Bean 'approvalConfig' of type [bank.project.app.ApprovalConfig$$EnhancerBySpringCGLIB$$87bc43cc] is not eligible for getting processed by all BeanPostProcessors (for example: not eligible for auto-proxying)
2023-04-28 11:53:02.854  INFO 5340 --- [main] trationDelegate$BeanPostProcessorChecker : Bean 'org.springframework.ws.config.annotation.DelegatingWsConfiguration' of type [org.springframework.ws.config.annotation.DelegatingWsConfiguration$$EnhancerBySpringCGLIB$$8890c6d] is not eligible for getting processed by all BeanPostProcessors (for example: not eligible for auto-proxying)
2023-04-28 11:53:02.928  INFO 5340 --- [main] .w.s.a.s.AnnotationActionEndpointMapping : Supporting [WS-Addressing August 2004, WS-Addressing 1.0]
2023-04-28 11:53:03.168  INFO 5340 --- [main] o.s.b.w.embedded.tomcat.TomcatWebServer  : Tomcat initialized with port(s): 8086 (http)
2023-04-28 11:53:03.168  INFO 5340 --- [main] o.apache.catalina.core.StandardService   : Starting service [Tomcat]
2023-04-28 11:53:03.168  INFO 5340 --- [main] org.apache.catalina.core.StandardEngine  : Starting Servlet engine: [Apache Tomcat/9.0.73]
2023-04-28 11:53:03.829  INFO 5340 --- [main] o.a.c.c.C.[Tomcat].[localhost].[/]       : Initializing Spring embedded WebApplicationContext
2023-04-28 11:53:03.829  INFO 5340 --- [main] w.s.c.ServletWebServerApplicationContext : Root WebApplicationContext: initialization completed in 1791 ms
2023-04-28 11:53:04.252  INFO 5340 --- [main] o.s.s.web.DefaultSecurityFilterChain     : Will secure any request with [org.springframework.security.web.session.DisableEncodeUrlFilter@7a34f66a, org.springframework.security.web.context.request.async.WebAsyncManagerIntegrationFilter@2f508f3c, org.springframework.security.web.context.SecurityContextPersistenceFilter@b25b095, org.springframework.security.web.header.HeaderWriterFilter@10ef5fa0, org.springframework.security.web.authentication.logout.LogoutFilter@51a8313b, org.springframework.security.web.authentication.UsernamePasswordAuthenticationFilter@e4b6f47, org.springframework.security.web.savedrequest.RequestCacheAwareFilter@59c33386, org.springframework.security.web.servletapi.SecurityContextHolderAwareRequestFilter@719d35e8, org.springframework.security.web.authentication.AnonymousAuthenticationFilter@3ed03652, org.springframework.security.web.session.SessionManagementFilter@10acd6, org.springframework.security.web.access.ExceptionTranslationFilter@7eb6b6b6, org.springframework.security.web.access.intercept.FilterSecurityInterceptor@31ff6309]
2023-04-28 11:53:04.503  INFO 5340 --- [main] com.zaxxer.hikari.HikariDataSource       : HikariPool-1 - Starting...
2023-04-28 11:53:04.503  WARN 5340 --- [main] com.zaxxer.hikari.util.DriverDataSource  : Registered driver with driverClassName=oracle.jdbc.driver.OracleDriver was not found, trying direct instantiation.
2023-04-28 11:53:04.707  INFO 5340 --- [main] com.zaxxer.hikari.HikariDataSource       : HikariPool-1 - Start completed.
2023-04-28 11:53:04.865  INFO 5340 --- [main] o.s.b.w.embedded.tomcat.TomcatWebServer  : Tomcat started on port(s): 8086 (http) with context path ''
2023-04-28 11:53:04.880  INFO 5340 --- [main] bank.project.app.AppApplication          : Started AppApplication in 3.241 seconds (JVM running for 6.738)
2023-04-28 11:55:12.488  INFO 11920 --- [main] bank.project.app.AppApplication          : Starting AppApplication using Java 1.8.0_292 on WPG02V1LW with PID 11920 (C:\Bank Usecase Project\BANK-APP\target\classes started by xxnlnnoa in C:\Bank Usecase Project\BANK-APP)
2023-04-28 11:55:12.488  INFO 11920 --- [main] bank.project.app.AppApplication          : No active profile set, falling back to 1 default profile: "default"
2023-04-28 11:55:13.026  INFO 11920 --- [main] .s.d.r.c.RepositoryConfigurationDelegate : Bootstrapping Spring Data JDBC repositories in DEFAULT mode.
2023-04-28 11:55:13.041  INFO 11920 --- [main] .s.d.r.c.RepositoryConfigurationDelegate : Finished Spring Data repository scanning in 9 ms. Found 0 JDBC repository interfaces.
2023-04-28 11:55:13.213  INFO 11920 --- [main] trationDelegate$BeanPostProcessorChecker : Bean 'approvalConfig' of type [bank.project.app.ApprovalConfig$$EnhancerBySpringCGLIB$$8b45c83f] is not eligible for getting processed by all BeanPostProcessors (for example: not eligible for auto-proxying)
2023-04-28 11:55:13.213  INFO 11920 --- [main] trationDelegate$BeanPostProcessorChecker : Bean 'org.springframework.ws.config.annotation.DelegatingWsConfiguration' of type [org.springframework.ws.config.annotation.DelegatingWsConfiguration$$EnhancerBySpringCGLIB$$c1290e0] is not eligible for getting processed by all BeanPostProcessors (for example: not eligible for auto-proxying)
2023-04-28 11:55:13.245  INFO 11920 --- [main] .w.s.a.s.AnnotationActionEndpointMapping : Supporting [WS-Addressing August 2004, WS-Addressing 1.0]
2023-04-28 11:55:13.434  INFO 11920 --- [main] o.s.b.w.embedded.tomcat.TomcatWebServer  : Tomcat initialized with port(s): 8086 (http)
2023-04-28 11:55:13.434  INFO 11920 --- [main] o.apache.catalina.core.StandardService   : Starting service [Tomcat]
2023-04-28 11:55:13.434  INFO 11920 --- [main] org.apache.catalina.core.StandardEngine  : Starting Servlet engine: [Apache Tomcat/9.0.73]
2023-04-28 11:55:13.513  INFO 11920 --- [main] o.a.c.c.C.[Tomcat].[localhost].[/]       : Initializing Spring embedded WebApplicationContext
2023-04-28 11:55:13.513  INFO 11920 --- [main] w.s.c.ServletWebServerApplicationContext : Root WebApplicationContext: initialization completed in 993 ms
2023-04-28 11:55:13.829  INFO 11920 --- [main] o.s.s.web.DefaultSecurityFilterChain     : Will secure any request with [org.springframework.security.web.session.DisableEncodeUrlFilter@4dc8c0ea, org.springframework.security.web.context.request.async.WebAsyncManagerIntegrationFilter@e4b6f47, org.springframework.security.web.context.SecurityContextPersistenceFilter@10ef5fa0, org.springframework.security.web.header.HeaderWriterFilter@7eb6b6b6, org.springframework.security.web.authentication.logout.LogoutFilter@3cf7298d, org.springframework.security.web.authentication.UsernamePasswordAuthenticationFilter@5c73f672, org.springframework.security.web.savedrequest.RequestCacheAwareFilter@10acd6, org.springframework.security.web.servletapi.SecurityContextHolderAwareRequestFilter@b25b095, org.springframework.security.web.authentication.AnonymousAuthenticationFilter@763cf5b9, org.springframework.security.web.session.SessionManagementFilter@28e19366, org.springframework.security.web.access.ExceptionTranslationFilter@1f44ddab, org.springframework.security.web.access.intercept.FilterSecurityInterceptor@31d6f3fe]
2023-04-28 11:55:14.065  INFO 11920 --- [main] com.zaxxer.hikari.HikariDataSource       : HikariPool-1 - Starting...
2023-04-28 11:55:14.065  WARN 11920 --- [main] com.zaxxer.hikari.util.DriverDataSource  : Registered driver with driverClassName=oracle.jdbc.driver.OracleDriver was not found, trying direct instantiation.
2023-04-28 11:55:14.223  INFO 11920 --- [main] com.zaxxer.hikari.HikariDataSource       : HikariPool-1 - Start completed.
2023-04-28 11:55:14.349  INFO 11920 --- [main] o.s.b.w.embedded.tomcat.TomcatWebServer  : Tomcat started on port(s): 8086 (http) with context path ''
2023-04-28 11:55:14.365  INFO 11920 --- [main] bank.project.app.AppApplication          : Started AppApplication in 2.178 seconds (JVM running for 2.79)
2023-04-28 11:55:32.243  INFO 11920 --- [http-nio-8086-exec-1] o.a.c.c.C.[Tomcat].[localhost].[/]       : Initializing Spring DispatcherServlet 'dispatcherServlet'
2023-04-28 11:55:32.243  INFO 11920 --- [http-nio-8086-exec-1] o.s.web.servlet.DispatcherServlet        : Initializing Servlet 'dispatcherServlet'
2023-04-28 11:55:32.246  INFO 11920 --- [http-nio-8086-exec-1] o.s.web.servlet.DispatcherServlet        : Completed initialization in 3 ms
2023-04-28 11:56:08.082  INFO 11920 --- [http-nio-8086-exec-6] bank.project.dao.RoleService             : set attempt to 3
2023-04-28 11:56:30.148  INFO 11920 --- [http-nio-8086-exec-5] bank.project.dao.RoleService             : Ready to be viewed
2023-04-28 11:56:30.148  INFO 11920 --- [http-nio-8086-exec-5] bank.project.dao.RoleService             : Ready to be viewed
2023-04-28 11:56:30.148  INFO 11920 --- [http-nio-8086-exec-5] bank.project.dao.RoleService             : Ready to be viewed
2023-04-28 11:56:30.149  INFO 11920 --- [http-nio-8086-exec-5] bank.project.dao.RoleService             : Ready to be viewed
2023-04-28 11:56:30.149  INFO 11920 --- [http-nio-8086-exec-5] bank.project.app.RoleController          : [ProfileUpdate(customerid=101, customername=kirthan, customerstatus=Active, customercontact=99087654, username=kirthan, password=kirthan, failedattempts=0, customeraadhaar=12345790, customerpan=rt3456rtyu, updatestatus=pending, customeraddress=nitte), ProfileUpdate(customerid=102, customername=manvith, customerstatus=Active, customercontact=2345125678, username=manvith, password=manvith, failedattempts=0, customeraadhaar=9998776543246, customerpan=we34567, updatestatus=pending, customeraddress=udupi), ProfileUpdate(customerid=103, customername=shrinidhi, customerstatus=Active, customercontact=8861178740, username=shrinidhi@gmail.com, password=shrinidhi, failedattempts=0, customeraadhaar=123456789, customerpan=jk345678, updatestatus=pending, customeraddress=banglore), ProfileUpdate(customerid=120, customername=amrutha, customerstatus=Active, customercontact=7896543, username=pooja, password=pooja, failedattempts=0, customeraadhaar=98765432, customerpan=2345678dfghj, updatestatus=pending, customeraddress=udupi banglore)]
2023-04-28 11:56:41.312  INFO 11920 --- [http-nio-8086-exec-6] o.a.c.c.C.[Tomcat].[localhost].[/]       : Initializing Spring MessageDispatcherServlet 'messageDispatcherServlet'
2023-04-28 11:56:41.312  INFO 11920 --- [http-nio-8086-exec-6] o.s.w.t.http.MessageDispatcherServlet    : Initializing Servlet 'messageDispatcherServlet'
2023-04-28 11:56:41.323  INFO 11920 --- [http-nio-8086-exec-6] o.s.ws.soap.saaj.SaajSoapMessageFactory  : Creating SAAJ 1.3 MessageFactory with SOAP 1.1 Protocol
2023-04-28 11:56:41.353  INFO 11920 --- [http-nio-8086-exec-6] o.s.w.t.http.MessageDispatcherServlet    : Completed initialization in 41 ms
2023-04-28 11:56:41.498  INFO 11920 --- [http-nio-8086-exec-6] bank.project.dao.RoleService             : username
2023-04-28 11:56:49.746  INFO 11920 --- [http-nio-8086-exec-7] bank.project.dao.RoleService             : Ready to be viewed
2023-04-28 11:56:49.747  INFO 11920 --- [http-nio-8086-exec-7] bank.project.dao.RoleService             : Ready to be viewed
2023-04-28 11:56:49.747  INFO 11920 --- [http-nio-8086-exec-7] bank.project.dao.RoleService             : Ready to be viewed
2023-04-28 11:56:49.747  INFO 11920 --- [http-nio-8086-exec-7] bank.project.app.RoleController          : [ProfileUpdate(customerid=102, customername=manvith, customerstatus=Active, customercontact=2345125678, username=manvith, password=manvith, failedattempts=0, customeraadhaar=9998776543246, customerpan=we34567, updatestatus=pending, customeraddress=udupi), ProfileUpdate(customerid=103, customername=shrinidhi, customerstatus=Active, customercontact=8861178740, username=shrinidhi@gmail.com, password=shrinidhi, failedattempts=0, customeraadhaar=123456789, customerpan=jk345678, updatestatus=pending, customeraddress=banglore), ProfileUpdate(customerid=120, customername=amrutha, customerstatus=Active, customercontact=7896543, username=pooja, password=pooja, failedattempts=0, customeraadhaar=98765432, customerpan=2345678dfghj, updatestatus=pending, customeraddress=udupi banglore)]
2023-04-28 11:57:05.836  INFO 11920 --- [http-nio-8086-exec-4] bank.project.dao.RoleService             : set attempt to 3
