2023-04-26 01:11:05.640  INFO 2784 --- [main] bank.project.dao.DaoApplicationTests     : Starting DaoApplicationTests using Java 1.8.0_292 on WPG02V1LW with PID 2784 (started by xxnlnnoa in C:\Bank Usecase Project\DaoOperation)
2023-04-26 01:11:05.640  INFO 2784 --- [main] bank.project.dao.DaoApplicationTests     : No active profile set, falling back to 1 default profile: "default"
2023-04-26 01:11:06.192  INFO 2784 --- [main] .s.d.r.c.RepositoryConfigurationDelegate : Bootstrapping Spring Data JDBC repositories in DEFAULT mode.
2023-04-26 01:11:06.208  INFO 2784 --- [main] .s.d.r.c.RepositoryConfigurationDelegate : Finished Spring Data repository scanning in 7 ms. Found 0 JDBC repository interfaces.
2023-04-26 01:11:07.340  INFO 2784 --- [main] com.zaxxer.hikari.HikariDataSource       : HikariPool-1 - Starting...
2023-04-26 01:11:07.340  WARN 2784 --- [main] com.zaxxer.hikari.util.DriverDataSource  : Registered driver with driverClassName=oracle.jdbc.driver.OracleDriver was not found, trying direct instantiation.
2023-04-26 01:11:07.766  INFO 2784 --- [main] com.zaxxer.hikari.HikariDataSource       : HikariPool-1 - Start completed.
2023-04-26 01:11:08.240  INFO 2784 --- [main] o.s.s.web.DefaultSecurityFilterChain     : Will secure any request with [org.springframework.security.web.session.DisableEncodeUrlFilter@2007435e, org.springframework.security.web.context.request.async.WebAsyncManagerIntegrationFilter@da28d03, org.springframework.security.web.context.SecurityContextPersistenceFilter@e784320, org.springframework.security.web.header.HeaderWriterFilter@3a7e365, org.springframework.security.web.csrf.CsrfFilter@28a9494b, org.springframework.security.web.authentication.logout.LogoutFilter@3a3ed300, org.springframework.security.web.authentication.UsernamePasswordAuthenticationFilter@3e05586b, org.springframework.security.web.authentication.ui.DefaultLoginPageGeneratingFilter@5f05c8d6, org.springframework.security.web.authentication.ui.DefaultLogoutPageGeneratingFilter@ebda593, org.springframework.security.web.authentication.www.BasicAuthenticationFilter@485caa8f, org.springframework.security.web.savedrequest.RequestCacheAwareFilter@13c8ac77, org.springframework.security.web.servletapi.SecurityContextHolderAwareRequestFilter@4cad79bc, org.springframework.security.web.authentication.AnonymousAuthenticationFilter@5792c08c, org.springframework.security.web.session.SessionManagementFilter@12a470dd, org.springframework.security.web.access.ExceptionTranslationFilter@7d986d83, org.springframework.security.web.access.intercept.FilterSecurityInterceptor@7c281eb8]
2023-04-26 01:11:08.318  INFO 2784 --- [main] bank.project.dao.DaoApplicationTests     : Started DaoApplicationTests in 3.006 seconds (JVM running for 4.582)
2023-04-26 01:11:09.141  INFO 2784 --- [SpringApplicationShutdownHook] com.zaxxer.hikari.HikariDataSource       : HikariPool-1 - Shutdown initiated...
2023-04-26 01:11:09.151  INFO 2784 --- [SpringApplicationShutdownHook] com.zaxxer.hikari.HikariDataSource       : HikariPool-1 - Shutdown completed.
2023-04-26 10:15:05.334  INFO 17148 --- [main] bank.project.dao.DaoApplicationTests     : Starting DaoApplicationTests using Java 1.8.0_292 on WPG02V1LW with PID 17148 (started by xxnlnnoa in C:\Bank Usecase Project\DaoOperation)
2023-04-26 10:15:05.334  INFO 17148 --- [main] bank.project.dao.DaoApplicationTests     : No active profile set, falling back to 1 default profile: "default"
2023-04-26 10:15:05.871  INFO 17148 --- [main] .s.d.r.c.RepositoryConfigurationDelegate : Bootstrapping Spring Data JDBC repositories in DEFAULT mode.
2023-04-26 10:15:05.886  INFO 17148 --- [main] .s.d.r.c.RepositoryConfigurationDelegate : Finished Spring Data repository scanning in 5 ms. Found 0 JDBC repository interfaces.
2023-04-26 10:15:07.134  INFO 17148 --- [main] com.zaxxer.hikari.HikariDataSource       : HikariPool-1 - Starting...
2023-04-26 10:15:07.134  WARN 17148 --- [main] com.zaxxer.hikari.util.DriverDataSource  : Registered driver with driverClassName=oracle.jdbc.driver.OracleDriver was not found, trying direct instantiation.
2023-04-26 10:15:07.687  INFO 17148 --- [main] com.zaxxer.hikari.HikariDataSource       : HikariPool-1 - Start completed.
2023-04-26 10:15:08.128  INFO 17148 --- [main] o.s.s.web.DefaultSecurityFilterChain     : Will secure any request with [org.springframework.security.web.session.DisableEncodeUrlFilter@de7e193, org.springframework.security.web.context.request.async.WebAsyncManagerIntegrationFilter@13e5d243, org.springframework.security.web.context.SecurityContextPersistenceFilter@2be21396, org.springframework.security.web.header.HeaderWriterFilter@5b88b8e, org.springframework.security.web.csrf.CsrfFilter@2db1b657, org.springframework.security.web.authentication.logout.LogoutFilter@1665fa54, org.springframework.security.web.authentication.UsernamePasswordAuthenticationFilter@405b6d75, org.springframework.security.web.authentication.ui.DefaultLoginPageGeneratingFilter@18b74ea, org.springframework.security.web.authentication.ui.DefaultLogoutPageGeneratingFilter@35ef439e, org.springframework.security.web.authentication.www.BasicAuthenticationFilter@6b6eae52, org.springframework.security.web.savedrequest.RequestCacheAwareFilter@315105f, org.springframework.security.web.servletapi.SecurityContextHolderAwareRequestFilter@40247d48, org.springframework.security.web.authentication.AnonymousAuthenticationFilter@4997552e, org.springframework.security.web.session.SessionManagementFilter@b73433, org.springframework.security.web.access.ExceptionTranslationFilter@64c781a9, org.springframework.security.web.access.intercept.FilterSecurityInterceptor@759de304]
2023-04-26 10:15:08.207  INFO 17148 --- [main] bank.project.dao.DaoApplicationTests     : Started DaoApplicationTests in 3.175 seconds (JVM running for 4.242)
2023-04-26 10:15:08.942  INFO 17148 --- [main] bank.project.dao.RoleService             : listing all roles of the bank
2023-04-26 10:15:08.947  INFO 17148 --- [main] bank.project.dao.RoleService             : username
2023-04-26 10:15:08.947  INFO 17148 --- [main] bank.project.dao.RoleService             : username
2023-04-26 10:15:09.025  INFO 17148 --- [SpringApplicationShutdownHook] com.zaxxer.hikari.HikariDataSource       : HikariPool-1 - Shutdown initiated...
2023-04-26 10:15:09.025  INFO 17148 --- [SpringApplicationShutdownHook] com.zaxxer.hikari.HikariDataSource       : HikariPool-1 - Shutdown completed.
2023-04-26 10:15:45.046  INFO 3008 --- [main] bank.project.dao.DaoApplicationTests     : Starting DaoApplicationTests using Java 1.8.0_292 on WPG02V1LW with PID 3008 (started by xxnlnnoa in C:\Bank Usecase Project\DaoOperation)
2023-04-26 10:15:45.046  INFO 3008 --- [main] bank.project.dao.DaoApplicationTests     : No active profile set, falling back to 1 default profile: "default"
2023-04-26 10:15:45.584  INFO 3008 --- [main] .s.d.r.c.RepositoryConfigurationDelegate : Bootstrapping Spring Data JDBC repositories in DEFAULT mode.
2023-04-26 10:15:45.584  INFO 3008 --- [main] .s.d.r.c.RepositoryConfigurationDelegate : Finished Spring Data repository scanning in 6 ms. Found 0 JDBC repository interfaces.
2023-04-26 10:15:46.876  INFO 3008 --- [main] com.zaxxer.hikari.HikariDataSource       : HikariPool-1 - Starting...
2023-04-26 10:15:46.876  WARN 3008 --- [main] com.zaxxer.hikari.util.DriverDataSource  : Registered driver with driverClassName=oracle.jdbc.driver.OracleDriver was not found, trying direct instantiation.
2023-04-26 10:15:47.272  INFO 3008 --- [main] com.zaxxer.hikari.HikariDataSource       : HikariPool-1 - Start completed.
2023-04-26 10:15:47.730  INFO 3008 --- [main] o.s.s.web.DefaultSecurityFilterChain     : Will secure any request with [org.springframework.security.web.session.DisableEncodeUrlFilter@610d28b8, org.springframework.security.web.context.request.async.WebAsyncManagerIntegrationFilter@53c99b09, org.springframework.security.web.context.SecurityContextPersistenceFilter@383caf89, org.springframework.security.web.header.HeaderWriterFilter@21263314, org.springframework.security.web.csrf.CsrfFilter@748ac6f3, org.springframework.security.web.authentication.logout.LogoutFilter@67536ae0, org.springframework.security.web.authentication.UsernamePasswordAuthenticationFilter@294f9d50, org.springframework.security.web.authentication.ui.DefaultLoginPageGeneratingFilter@2be21396, org.springframework.security.web.authentication.ui.DefaultLogoutPageGeneratingFilter@2539cd1c, org.springframework.security.web.authentication.www.BasicAuthenticationFilter@76f881d9, org.springframework.security.web.savedrequest.RequestCacheAwareFilter@71ed560f, org.springframework.security.web.servletapi.SecurityContextHolderAwareRequestFilter@58253c57, org.springframework.security.web.authentication.AnonymousAuthenticationFilter@7c20cdd0, org.springframework.security.web.session.SessionManagementFilter@4a92c6a9, org.springframework.security.web.access.ExceptionTranslationFilter@642857e0, org.springframework.security.web.access.intercept.FilterSecurityInterceptor@3408f695]
2023-04-26 10:15:47.810  INFO 3008 --- [main] bank.project.dao.DaoApplicationTests     : Started DaoApplicationTests in 3.079 seconds (JVM running for 4.071)
2023-04-26 10:15:48.551  INFO 3008 --- [main] bank.project.dao.RoleService             : listing all roles of the bank
2023-04-26 10:15:48.566  INFO 3008 --- [main] bank.project.dao.RoleService             : username
2023-04-26 10:15:48.566  INFO 3008 --- [main] bank.project.dao.RoleService             : username
2023-04-26 10:15:48.646  INFO 3008 --- [SpringApplicationShutdownHook] com.zaxxer.hikari.HikariDataSource       : HikariPool-1 - Shutdown initiated...
2023-04-26 10:15:48.658  INFO 3008 --- [SpringApplicationShutdownHook] com.zaxxer.hikari.HikariDataSource       : HikariPool-1 - Shutdown completed.
2023-04-26 10:21:25.571  INFO 7380 --- [main] bank.project.dao.DaoApplicationTests     : Starting DaoApplicationTests using Java 1.8.0_292 on WPG02V1LW with PID 7380 (started by xxnlnnoa in C:\Bank Usecase Project\DaoOperation)
2023-04-26 10:21:25.571  INFO 7380 --- [main] bank.project.dao.DaoApplicationTests     : No active profile set, falling back to 1 default profile: "default"
2023-04-26 10:21:26.143  INFO 7380 --- [main] .s.d.r.c.RepositoryConfigurationDelegate : Bootstrapping Spring Data JDBC repositories in DEFAULT mode.
2023-04-26 10:21:26.158  INFO 7380 --- [main] .s.d.r.c.RepositoryConfigurationDelegate : Finished Spring Data repository scanning in 6 ms. Found 0 JDBC repository interfaces.
2023-04-26 10:21:27.419  INFO 7380 --- [main] com.zaxxer.hikari.HikariDataSource       : HikariPool-1 - Starting...
2023-04-26 10:21:27.419  WARN 7380 --- [main] com.zaxxer.hikari.util.DriverDataSource  : Registered driver with driverClassName=oracle.jdbc.driver.OracleDriver was not found, trying direct instantiation.
2023-04-26 10:21:27.892  INFO 7380 --- [main] com.zaxxer.hikari.HikariDataSource       : HikariPool-1 - Start completed.
2023-04-26 10:21:28.366  INFO 7380 --- [main] o.s.s.web.DefaultSecurityFilterChain     : Will secure any request with [org.springframework.security.web.session.DisableEncodeUrlFilter@3b4825f0, org.springframework.security.web.context.request.async.WebAsyncManagerIntegrationFilter@40ac6b76, org.springframework.security.web.context.SecurityContextPersistenceFilter@798256c5, org.springframework.security.web.header.HeaderWriterFilter@11d045b4, org.springframework.security.web.csrf.CsrfFilter@7209ffb5, org.springframework.security.web.authentication.logout.LogoutFilter@58658f63, org.springframework.security.web.authentication.UsernamePasswordAuthenticationFilter@32d5279, org.springframework.security.web.authentication.ui.DefaultLoginPageGeneratingFilter@748ac6f3, org.springframework.security.web.authentication.ui.DefaultLogoutPageGeneratingFilter@7980cf2c, org.springframework.security.web.authentication.www.BasicAuthenticationFilter@2b6a0ea9, org.springframework.security.web.savedrequest.RequestCacheAwareFilter@748a654a, org.springframework.security.web.servletapi.SecurityContextHolderAwareRequestFilter@76544c0a, org.springframework.security.web.authentication.AnonymousAuthenticationFilter@f0020b1, org.springframework.security.web.session.SessionManagementFilter@1943c1f2, org.springframework.security.web.access.ExceptionTranslationFilter@58fbd02e, org.springframework.security.web.access.intercept.FilterSecurityInterceptor@5b47731f]
2023-04-26 10:21:28.479  INFO 7380 --- [main] bank.project.dao.DaoApplicationTests     : Started DaoApplicationTests in 3.219 seconds (JVM running for 4.251)
2023-04-26 10:21:29.233  INFO 7380 --- [main] bank.project.dao.RoleService             : listing all roles of the bank
2023-04-26 10:21:29.233  INFO 7380 --- [main] bank.project.dao.RoleService             : username
2023-04-26 10:21:29.249  INFO 7380 --- [main] bank.project.dao.RoleService             : username
2023-04-26 10:21:29.313  INFO 7380 --- [SpringApplicationShutdownHook] com.zaxxer.hikari.HikariDataSource       : HikariPool-1 - Shutdown initiated...
2023-04-26 10:21:29.330  INFO 7380 --- [SpringApplicationShutdownHook] com.zaxxer.hikari.HikariDataSource       : HikariPool-1 - Shutdown completed.
2023-04-26 10:29:04.101  INFO 9056 --- [main] bank.project.dao.DaoApplicationTests     : Starting DaoApplicationTests using Java 1.8.0_292 on WPG02V1LW with PID 9056 (started by xxnlnnoa in C:\Bank Usecase Project\DaoOperation)
2023-04-26 10:29:04.101  INFO 9056 --- [main] bank.project.dao.DaoApplicationTests     : No active profile set, falling back to 1 default profile: "default"
2023-04-26 10:29:04.655  INFO 9056 --- [main] .s.d.r.c.RepositoryConfigurationDelegate : Bootstrapping Spring Data JDBC repositories in DEFAULT mode.
2023-04-26 10:29:04.677  INFO 9056 --- [main] .s.d.r.c.RepositoryConfigurationDelegate : Finished Spring Data repository scanning in 9 ms. Found 0 JDBC repository interfaces.
2023-04-26 10:29:06.091  INFO 9056 --- [main] com.zaxxer.hikari.HikariDataSource       : HikariPool-1 - Starting...
2023-04-26 10:29:06.091  WARN 9056 --- [main] com.zaxxer.hikari.util.DriverDataSource  : Registered driver with driverClassName=oracle.jdbc.driver.OracleDriver was not found, trying direct instantiation.
2023-04-26 10:29:06.571  INFO 9056 --- [main] com.zaxxer.hikari.HikariDataSource       : HikariPool-1 - Start completed.
2023-04-26 10:29:07.056  INFO 9056 --- [main] o.s.s.web.DefaultSecurityFilterChain     : Will secure any request with [org.springframework.security.web.session.DisableEncodeUrlFilter@759de304, org.springframework.security.web.context.request.async.WebAsyncManagerIntegrationFilter@5649d11a, org.springframework.security.web.context.SecurityContextPersistenceFilter@76544c0a, org.springframework.security.web.header.HeaderWriterFilter@1e1eeedd, org.springframework.security.web.csrf.CsrfFilter@217bf99e, org.springframework.security.web.authentication.logout.LogoutFilter@39ee94de, org.springframework.security.web.authentication.UsernamePasswordAuthenticationFilter@16ac5d35, org.springframework.security.web.authentication.ui.DefaultLoginPageGeneratingFilter@3aaa3c39, org.springframework.security.web.authentication.ui.DefaultLogoutPageGeneratingFilter@294f9d50, org.springframework.security.web.authentication.www.BasicAuthenticationFilter@40ac6b76, org.springframework.security.web.savedrequest.RequestCacheAwareFilter@650c405c, org.springframework.security.web.servletapi.SecurityContextHolderAwareRequestFilter@748ac6f3, org.springframework.security.web.authentication.AnonymousAuthenticationFilter@27443560, org.springframework.security.web.session.SessionManagementFilter@7ec95456, org.springframework.security.web.access.ExceptionTranslationFilter@1943c1f2, org.springframework.security.web.access.intercept.FilterSecurityInterceptor@60a7e509]
2023-04-26 10:29:07.151  INFO 9056 --- [main] bank.project.dao.DaoApplicationTests     : Started DaoApplicationTests in 3.401 seconds (JVM running for 4.637)
2023-04-26 10:29:07.988  INFO 9056 --- [main] bank.project.dao.RoleService             : listing all roles of the bank
2023-04-26 10:29:07.988  INFO 9056 --- [main] bank.project.dao.RoleService             : username
2023-04-26 10:29:07.988  INFO 9056 --- [main] bank.project.dao.RoleService             : username
2023-04-26 10:29:08.071  INFO 9056 --- [SpringApplicationShutdownHook] com.zaxxer.hikari.HikariDataSource       : HikariPool-1 - Shutdown initiated...
2023-04-26 10:29:08.080  INFO 9056 --- [SpringApplicationShutdownHook] com.zaxxer.hikari.HikariDataSource       : HikariPool-1 - Shutdown completed.
